{"C:\\Users\\Jack\\PressureConverter\\script.js": {"path":"C:\\Users\\Jack\\PressureConverter\\script.js","statementMap":{"0":{"start":{"line":2,"column":4},"end":{"line":2,"column":62}},"1":{"start":{"line":2,"column":20},"end":{"line":2,"column":62}},"2":{"start":{"line":3,"column":4},"end":{"line":3,"column":50}},"3":{"start":{"line":7,"column":4},"end":{"line":7,"column":63}},"4":{"start":{"line":7,"column":21},"end":{"line":7,"column":63}},"5":{"start":{"line":8,"column":4},"end":{"line":8,"column":51}},"6":{"start":{"line":12,"column":0},"end":{"line":14,"column":1}},"7":{"start":{"line":13,"column":4},"end":{"line":13,"column":53}}},"fnMap":{"0":{"name":"convertToInHg","decl":{"start":{"line":1,"column":9},"end":{"line":1,"column":22}},"loc":{"start":{"line":1,"column":28},"end":{"line":4,"column":1}},"line":1},"1":{"name":"convertToHpa","decl":{"start":{"line":6,"column":9},"end":{"line":6,"column":21}},"loc":{"start":{"line":6,"column":28},"end":{"line":9,"column":1}},"line":6}},"branchMap":{"0":{"loc":{"start":{"line":2,"column":4},"end":{"line":2,"column":62}},"type":"if","locations":[{"start":{"line":2,"column":4},"end":{"line":2,"column":62}},{"start":{},"end":{}}],"line":2},"1":{"loc":{"start":{"line":7,"column":4},"end":{"line":7,"column":63}},"type":"if","locations":[{"start":{"line":7,"column":4},"end":{"line":7,"column":63}},{"start":{},"end":{}}],"line":7},"2":{"loc":{"start":{"line":12,"column":0},"end":{"line":14,"column":1}},"type":"if","locations":[{"start":{"line":12,"column":0},"end":{"line":14,"column":1}},{"start":{},"end":{}}],"line":12}},"s":{"0":3,"1":1,"2":2,"3":3,"4":1,"5":2,"6":1,"7":1},"f":{"0":3,"1":3},"b":{"0":[1,2],"1":[1,2],"2":[1,0]},"_coverageSchema":"1a1c01bbd47fc00a2c39e90264f33305004495a9","hash":"18aa8830a725a90888ae28aae2a1dbfdeb5bab21"}
}
